This is pdfTeX, Version 3.141592653-2.6-1.40.26 (TeX Live 2024) (preloaded format=pdflatex 2024.5.6)  7 MAY 2024 12:39
entering extended mode
 restricted \write18 enabled.
 file:line:error style messages enabled.
 %&-line parsing enabled.
**"/Users/jonatanbadillo/Desktop/UNIVERSITY/7TH SEMESTER/CONCURRENTE/Jacobi/template_Article.tex"
(/Users/jonatanbadillo/Desktop/UNIVERSITY/7TH SEMESTER/CONCURRENTE/Jacobi/template_Article.tex
LaTeX2e <2023-11-01> patch level 1
L3 programming layer <2024-02-20>
(/usr/local/texlive/2024/texmf-dist/tex/latex/base/article.cls
Document Class: article 2023/05/17 v1.4n Standard LaTeX document class
(/usr/local/texlive/2024/texmf-dist/tex/latex/base/size10.clo
File: size10.clo 2023/05/17 v1.4n Standard LaTeX file (size option)
)
\c@part=\count188
\c@section=\count189
\c@subsection=\count190
\c@subsubsection=\count191
\c@paragraph=\count192
\c@subparagraph=\count193
\c@figure=\count194
\c@table=\count195
\abovecaptionskip=\skip48
\belowcaptionskip=\skip49
\bibindent=\dimen140
) (/usr/local/texlive/2024/texmf-dist/tex/latex/l3backend/l3backend-pdftex.def
File: l3backend-pdftex.def 2024-02-20 L3 backend support: PDF output (pdfTeX)
\l__color_backend_stack_int=\count196
\l__pdf_internal_box=\box51
) (./template_Article.aux)
\openout1 = `template_Article.aux'.

LaTeX Font Info:    Checking defaults for OML/cmm/m/it on input line 7.
LaTeX Font Info:    ... okay on input line 7.
LaTeX Font Info:    Checking defaults for OMS/cmsy/m/n on input line 7.
LaTeX Font Info:    ... okay on input line 7.
LaTeX Font Info:    Checking defaults for OT1/cmr/m/n on input line 7.
LaTeX Font Info:    ... okay on input line 7.
LaTeX Font Info:    Checking defaults for T1/cmr/m/n on input line 7.
LaTeX Font Info:    ... okay on input line 7.
LaTeX Font Info:    Checking defaults for TS1/cmr/m/n on input line 7.
LaTeX Font Info:    ... okay on input line 7.
LaTeX Font Info:    Checking defaults for OMX/cmex/m/n on input line 7.
LaTeX Font Info:    ... okay on input line 7.
LaTeX Font Info:    Checking defaults for U/cmr/m/n on input line 7.
LaTeX Font Info:    ... okay on input line 7.
LaTeX Font Info:    External font `cmex10' loaded for size
(Font)              <12> on input line 9.
LaTeX Font Info:    External font `cmex10' loaded for size
(Font)              <8> on input line 9.
LaTeX Font Info:    External font `cmex10' loaded for size
(Font)              <6> on input line 9.

Overfull \hbox (32.84296pt too wide) in paragraph at lines 12--13
\OT1/cmr/m/n/9 re-solver sis-temas de ecua-ciones lin-eales, junto con dos im-ple-menta-ciones(secuencial
 []

LaTeX Font Info:    External font `cmex10' loaded for size
(Font)              <7> on input line 17.
LaTeX Font Info:    External font `cmex10' loaded for size
(Font)              <5> on input line 17.
[1

{/usr/local/texlive/2024/texmf-var/fonts/map/pdftex/updmap/pdftex.map}]
Overfull \hbox (148.4957pt too wide) in paragraph at lines 75--75
[]        \OT1/cmtt/m/n/10 double[] X = new double[B.length]; // Vector de soluciones iniciales, inicializado a 0[] 
 []


Overfull \hbox (221.99506pt too wide) in paragraph at lines 75--75
[]        \OT1/cmtt/m/n/10 double[] lastX = new double[B.length]; // Vector para almacenar la soluci^^Son de la iteraci^^Son anterior[] 
 []


Overfull \hbox (185.24538pt too wide) in paragraph at lines 75--75
[]                \OT1/cmtt/m/n/10 double sum = B[i]; // Inicializa la suma con el elemento correspondiente del vector B[] 
 []


Overfull \hbox (179.99542pt too wide) in paragraph at lines 75--75
[]                    \OT1/cmtt/m/n/10 if (j != i) sum -= A[i][j] * lastX[j]; // Resta los productos Aij*Xj para j != i[] 
 []


Overfull \hbox (80.24629pt too wide) in paragraph at lines 75--75
[]                \OT1/cmtt/m/n/10 X[i] = 1/A[i][i] * sum; // Divide por el coeficiente diagonal Aii[] 
 []


Overfull \hbox (410.99341pt too wide) in paragraph at lines 75--75
[]            \OT1/cmtt/m/n/10 // Calcula la norma del error como la suma de las diferencias absolutas entre las soluciones actuales y las de la iteraci^^Son anterior[] 
 []


Overfull \hbox (179.99542pt too wide) in paragraph at lines 75--75
[]                \OT1/cmtt/m/n/10 lastX[i] = X[i]; // Actualiza lastX con la soluci^^Son actual para la pr^^Soxima iteraci^^Son[] 
 []


Overfull \hbox (153.74565pt too wide) in paragraph at lines 75--75
[]            \OT1/cmtt/m/n/10 // Si la norma del error es menor que el criterio de convergencia, termina el bucle[] 
 []

[2] (./template_Article.aux)
 ***********
LaTeX2e <2023-11-01> patch level 1
L3 programming layer <2024-02-20>
 ***********
 ) 
Here is how much of TeX's memory you used:
 472 strings out of 474116
 9182 string characters out of 5743683
 1937187 words of memory out of 5000000
 22900 multiletter control sequences out of 15000+600000
 562484 words of font info for 51 fonts, out of 8000000 for 9000
 1141 hyphenation exceptions out of 8191
 35i,6n,50p,349b,280s stack positions out of 10000i,1000n,20000p,200000b,200000s
</usr/local/texlive/2024/texmf-dist/fonts/type1/public/amsfonts/cm/cmbx12.pfb></usr/local/texlive/2024/texmf-dist/fonts/type1/public/amsfonts/cm/cmbx9.pfb></usr/local/texlive/2024/texmf-dist/fonts/type1/public/amsfonts/cm/cmex10.pfb></usr/local/texlive/2024/texmf-dist/fonts/type1/public/amsfonts/cm/cmmi10.pfb></usr/local/texlive/2024/texmf-dist/fonts/type1/public/amsfonts/cm/cmmi5.pfb></usr/local/texlive/2024/texmf-dist/fonts/type1/public/amsfonts/cm/cmmi7.pfb></usr/local/texlive/2024/texmf-dist/fonts/type1/public/amsfonts/cm/cmr10.pfb></usr/local/texlive/2024/texmf-dist/fonts/type1/public/amsfonts/cm/cmr12.pfb></usr/local/texlive/2024/texmf-dist/fonts/type1/public/amsfonts/cm/cmr17.pfb></usr/local/texlive/2024/texmf-dist/fonts/type1/public/amsfonts/cm/cmr7.pfb></usr/local/texlive/2024/texmf-dist/fonts/type1/public/amsfonts/cm/cmr9.pfb></usr/local/texlive/2024/texmf-dist/fonts/type1/public/amsfonts/cm/cmsy10.pfb></usr/local/texlive/2024/texmf-dist/fonts/type1/public/amsfonts/cm/cmsy7.pfb></usr/local/texlive/2024/texmf-dist/fonts/type1/public/amsfonts/cm/cmtt10.pfb>
Output written on template_Article.pdf (2 pages, 157462 bytes).
PDF statistics:
 81 PDF objects out of 1000 (max. 8388607)
 48 compressed objects within 1 object stream
 0 named destinations out of 1000 (max. 500000)
 1 words of extra memory for PDF output out of 10000 (max. 10000000)

